<?xml version="1.0" encoding="UTF-8"?>
<!-- Generated by org.testng.reporters.JUnitReportReporter -->
<testsuite skipped="0" hostname="DESKTOP-UK84QK6" name="com.ComputerDB.Test.EditComputerTest" tests="1" failures="0" timestamp="26 Feb 2017 18:45:12 GMT" time="8.152" errors="0">
  <testcase name="openBrowserEnterUrlAndVerifyEditedComputer" time="8.152" classname="com.ComputerDB.Test.EditComputerTest"/>
</testsuite> <!-- com.ComputerDB.Test.EditComputerTest -->
