<?xml version="1.0" encoding="UTF-8"?>
<!-- Generated by org.testng.reporters.JUnitReportReporter -->
<testsuite skipped="0" hostname="DESKTOP-UK84QK6" name="com.ComputerDB.Test.AddComputerTest" tests="1" failures="0" timestamp="26 Feb 2017 18:43:29 GMT" time="10.976" errors="0">
  <testcase name="openBrowserEnterUrlAndVerifyAddedComputer" time="10.976" classname="com.ComputerDB.Test.AddComputerTest"/>
</testsuite> <!-- com.ComputerDB.Test.AddComputerTest -->
