<?xml version="1.0" encoding="UTF-8"?>
<!-- Generated by org.testng.reporters.JUnitReportReporter -->
<testsuite skipped="0" hostname="DESKTOP-UK84QK6" name="com.ComputerDB.Test.ComputerDBTest" tests="1" failures="0" timestamp="26 Feb 2017 18:44:22 GMT" time="8.185" errors="0">
  <testcase name="openBrowserEnterUrlAndVerifyFilter" time="8.185" classname="com.ComputerDB.Test.ComputerDBTest"/>
</testsuite> <!-- com.ComputerDB.Test.ComputerDBTest -->
